<?xml version="1.0" encoding="UTF-8"?>
<!-- Generated by org.testng.reporters.JUnitXMLReporter -->
<testsuite ignored="0" hostname="BINTERNS-QA20L" failures="0" tests="8" name="Surefire test" time="0.052" errors="0" timestamp="2023-03-07T16:24:18 IST">
  <testcase classname="Test2" name="search" time="0.002"/>
  <testcase classname="Test2" name="advancesearch" time="0.001"/>
  <testcase classname="test3.NewTest" name="openapp" time="0.003"/>
  <testcase classname="test3.NewTest" name="login" time="0.0"/>
  <testcase classname="test3.NewTest" name="search" time="0.0"/>
  <testcase classname="test3.NewTest" name="advsearch" time="0.001"/>
  <testcase classname="test3.NewTest" name="logout" time="0.0"/>
  <testcase classname="testScriptAnnotation.NewTest" name="a" time="0.001"/>
</testsuite> <!-- Surefire test -->
