<?xml version="1.0" encoding="UTF-8"?>
<!-- Generated by org.testng.reporters.JUnitXMLReporter -->
<testsuite ignored="1" hostname="BINTERNS-QA20L" failures="0" tests="2" name="Test" time="0.048" errors="0" timestamp="2023-03-09T15:40:45 IST">
  <testcase classname="test_group.tgroup1" name="loginbyemail" time="0.007"/>
  <testcase classname="test_group.tgroup1" name="loginbyfacebook" time="0.002"/>
  <testcase classname="test_group.tgroup1" name="loginbyinstagram" time="0.0">
    <ignored/>
  </testcase> <!-- loginbyinstagram -->
</testsuite> <!-- Test -->
