<?xml version="1.0" encoding="UTF-8"?>
<testng-results ignored="0" total="8" passed="8" failed="0" skipped="0">
  <reporter-output>
  </reporter-output>
  <suite started-at="2023-03-07T16:24:18 IST" name="Surefire suite" finished-at="2023-03-07T16:24:18 IST" duration-ms="52">
    <groups>
    </groups>
    <test started-at="2023-03-07T16:24:18 IST" name="Surefire test" finished-at="2023-03-07T16:24:18 IST" duration-ms="52">
      <class name="test3.NewTest">
        <test-method signature="openapp()[pri:1, instance:test3.NewTest@5bd03f44]" started-at="2023-03-07T16:24:18 IST" name="openapp" finished-at="2023-03-07T16:24:18 IST" duration-ms="3" status="PASS">
          <reporter-output>
          </reporter-output>
        </test-method> <!-- openapp -->
        <test-method signature="login()[pri:2, instance:test3.NewTest@5bd03f44]" started-at="2023-03-07T16:24:18 IST" name="login" finished-at="2023-03-07T16:24:18 IST" depends-on-methods="test3.NewTest.openapp" duration-ms="0" status="PASS">
          <reporter-output>
          </reporter-output>
        </test-method> <!-- login -->
        <test-method signature="search()[pri:3, instance:test3.NewTest@5bd03f44]" started-at="2023-03-07T16:24:18 IST" name="search" finished-at="2023-03-07T16:24:18 IST" depends-on-methods="test3.NewTest.login" duration-ms="0" status="PASS">
          <reporter-output>
          </reporter-output>
        </test-method> <!-- search -->
        <test-method signature="advsearch()[pri:4, instance:test3.NewTest@5bd03f44]" started-at="2023-03-07T16:24:18 IST" name="advsearch" finished-at="2023-03-07T16:24:18 IST" depends-on-methods="test3.NewTest.search, test3.NewTest.login" duration-ms="1" status="PASS">
          <reporter-output>
          </reporter-output>
        </test-method> <!-- advsearch -->
        <test-method signature="logout()[pri:4, instance:test3.NewTest@5bd03f44]" started-at="2023-03-07T16:24:18 IST" name="logout" finished-at="2023-03-07T16:24:18 IST" depends-on-methods="test3.NewTest.login" duration-ms="0" status="PASS">
          <reporter-output>
          </reporter-output>
        </test-method> <!-- logout -->
      </class> <!-- test3.NewTest -->
      <class name="testScriptAnnotation.NewTest">
        <test-method signature="a()[pri:0, instance:testScriptAnnotation.NewTest@29626d54]" started-at="2023-03-07T16:24:18 IST" name="a" finished-at="2023-03-07T16:24:18 IST" duration-ms="1" status="PASS">
          <reporter-output>
          </reporter-output>
        </test-method> <!-- a -->
      </class> <!-- testScriptAnnotation.NewTest -->
      <class name="Test2">
        <test-method is-config="true" signature="login()[pri:0, instance:Test2@cd3fee8]" started-at="2023-03-07T16:24:18 IST" name="login" finished-at="2023-03-07T16:24:18 IST" duration-ms="8" status="PASS">
          <reporter-output>
          </reporter-output>
        </test-method> <!-- login -->
        <test-method signature="search()[pri:1, instance:Test2@cd3fee8]" started-at="2023-03-07T16:24:18 IST" name="search" finished-at="2023-03-07T16:24:18 IST" duration-ms="2" status="PASS">
          <reporter-output>
          </reporter-output>
        </test-method> <!-- search -->
        <test-method signature="advancesearch()[pri:2, instance:Test2@cd3fee8]" started-at="2023-03-07T16:24:18 IST" name="advancesearch" finished-at="2023-03-07T16:24:18 IST" duration-ms="1" status="PASS">
          <reporter-output>
          </reporter-output>
        </test-method> <!-- advancesearch -->
        <test-method is-config="true" signature="logout()[pri:0, instance:Test2@cd3fee8]" started-at="2023-03-07T16:24:18 IST" name="logout" finished-at="2023-03-07T16:24:18 IST" duration-ms="2" status="PASS">
          <reporter-output>
          </reporter-output>
        </test-method> <!-- logout -->
      </class> <!-- Test2 -->
    </test> <!-- Surefire test -->
  </suite> <!-- Surefire suite -->
</testng-results>
