<?xml version="1.0" encoding="UTF-8"?>
<testng-results ignored="1" total="3" passed="2" failed="0" skipped="0">
  <reporter-output>
  </reporter-output>
  <suite started-at="2023-03-09T15:40:45 IST" name="Suite" finished-at="2023-03-09T15:40:45 IST" duration-ms="48">
    <groups>
      <group name="regression">
        <method signature="tgroup1.loginbyemail()[pri:1, instance:test_group.tgroup1@7b36aa0c]" name="loginbyemail" class="test_group.tgroup1"/>
      </group> <!-- regression -->
      <group name="sanity">
        <method signature="tgroup1.loginbyemail()[pri:1, instance:test_group.tgroup1@7b36aa0c]" name="loginbyemail" class="test_group.tgroup1"/>
        <method signature="tgroup1.loginbyfacebook()[pri:2, instance:test_group.tgroup1@7b36aa0c]" name="loginbyfacebook" class="test_group.tgroup1"/>
      </group> <!-- sanity -->
    </groups>
    <test started-at="2023-03-09T15:40:45 IST" name="Test" finished-at="2023-03-09T15:40:45 IST" duration-ms="48">
      <class name="test_group.tgroup1">
        <test-method signature="loginbyemail()[pri:1, instance:test_group.tgroup1@7b36aa0c]" started-at="2023-03-09T15:40:45 IST" name="loginbyemail" finished-at="2023-03-09T15:40:45 IST" duration-ms="7" status="PASS">
          <reporter-output>
          </reporter-output>
        </test-method> <!-- loginbyemail -->
        <test-method signature="loginbyfacebook()[pri:2, instance:test_group.tgroup1@7b36aa0c]" started-at="2023-03-09T15:40:45 IST" name="loginbyfacebook" finished-at="2023-03-09T15:40:45 IST" duration-ms="2" status="PASS">
          <reporter-output>
          </reporter-output>
        </test-method> <!-- loginbyfacebook -->
      </class> <!-- test_group.tgroup1 -->
    </test> <!-- Test -->
  </suite> <!-- Suite -->
</testng-results>
